<?xml version="1.0" encoding="UTF-8"?>
<!-- Generated by org.testng.reporters.JUnitReportReporter -->
<testsuite hostname="LTIN396610" failures="0" tests="1" name="com.selenium.TC07_FindElements" time="5.984" errors="0" timestamp="2023-06-12T13:04:23 IST" skipped="0">
  <testcase classname="com.selenium.TC07_FindElements" name="findElementsExample" time="5.984"/>
  <system-out/>
</testsuite> <!-- com.selenium.TC07_FindElements -->
