<?xml version="1.0" encoding="UTF-8"?>
<!-- Generated by org.testng.reporters.JUnitReportReporter -->
<testsuite hostname="LTIN464257" failures="0" tests="1" name="com.TestCases.TC03_Testng_dataprovider" time="140.712" errors="0" timestamp="2024-03-12T10:17:09 IST" skipped="0">
  <testcase classname="com.TestCases.TC03_Testng_dataprovider" name="login" time="140.712"/>
  <system-out/>
</testsuite> <!-- com.TestCases.TC03_Testng_dataprovider -->
