<?xml version="1.0" encoding="UTF-8"?>
<!-- Generated by org.testng.reporters.JUnitReportReporter -->
<testsuite hostname="LTIN396610" failures="0" tests="1" name="com.selenium.TC09_webtable2withoutTableTag" time="24.711" errors="0" timestamp="2023-06-15T14:50:40 IST" skipped="0">
  <testcase classname="com.selenium.TC09_webtable2withoutTableTag" name="NonTableTagWebTable" time="24.711"/>
  <system-out/>
</testsuite> <!-- com.selenium.TC09_webtable2withoutTableTag -->
