<?xml version="1.0" encoding="UTF-8"?>
<!-- Generated by org.testng.reporters.JUnitReportReporter -->
<testsuite hostname="LTIN464257" failures="0" tests="1" name="com.TestCases.ExcelReader" time="1.230" errors="0" timestamp="2024-04-04T10:43:17 IST" skipped="0">
  <testcase classname="com.TestCases.ExcelReader" name="ReaddataFromXMLPasstoSelenium" time="1.230"/>
  <system-out/>
</testsuite> <!-- com.TestCases.ExcelReader -->
