<?xml version="1.0" encoding="UTF-8"?>
<!-- Generated by org.testng.reporters.JUnitReportReporter -->
<testsuite hostname="LTIN464257" failures="0" tests="4" name="com.TestNG.TestNGTesting" time="0.018" errors="0" timestamp="2024-03-12T07:26:15 IST" skipped="0">
  <testcase classname="com.TestNG.TestNGTesting" name="Book" time="0.012"/>
  <system-out/>
  <testcase classname="com.TestNG.TestNGTesting" name="Aeroplance" time="0.002"/>
  <system-out/>
  <testcase classname="com.TestNG.TestNGTesting" name="Delhi" time="0.002"/>
  <system-out/>
  <testcase classname="com.TestNG.TestNGTesting" name="Chocolate" time="0.002"/>
  <system-out/>
</testsuite> <!-- com.TestNG.TestNGTesting -->
