<?xml version="1.0" encoding="UTF-8"?>
<!-- Generated by org.testng.reporters.JUnitReportReporter -->
<testsuite hostname="LTIN396610" failures="0" tests="1" name="com.selenium.TC18_ToolTip_actionClass" time="11.727" errors="0" timestamp="2023-06-16T11:09:39 IST" skipped="0">
  <testcase classname="com.selenium.TC18_ToolTip_actionClass" name="VerifyErrorMessage" time="11.727"/>
  <system-out/>
</testsuite> <!-- com.selenium.TC18_ToolTip_actionClass -->
