<?xml version="1.0" encoding="UTF-8"?>
<!-- Generated by org.testng.reporters.JUnitReportReporter -->
<testsuite hostname="LTIN396610" failures="0" tests="1" name="com.selenium.TC08_RadioButton" time="57.835" errors="0" timestamp="2023-03-29T11:57:53 IST" skipped="0">
  <testcase classname="com.selenium.TC08_RadioButton" name="locatingElements1" time="57.835"/>
  <system-out/>
</testsuite> <!-- com.selenium.TC08_RadioButton -->
