<?xml version="1.0" encoding="UTF-8"?>
<!-- Generated by org.testng.reporters.JUnitReportReporter -->
<testsuite hostname="LTIN396610" failures="0" tests="1" name="com.selenium.TC04_ClassNamewithSpace" time="20.461" errors="0" timestamp="2023-06-12T12:51:29 IST" skipped="0">
  <testcase classname="com.selenium.TC04_ClassNamewithSpace" name="locatingElements1" time="20.461"/>
  <system-out/>
</testsuite> <!-- com.selenium.TC04_ClassNamewithSpace -->
