<?xml version="1.0" encoding="UTF-8"?>
<!-- Generated by org.testng.reporters.JUnitReportReporter -->
<testsuite hostname="LTIN464257" failures="0" tests="7" name="com.TestNG.TestNGExamples" time="0.009" errors="0" timestamp="2024-03-12T07:26:15 IST" skipped="0">
  <testcase classname="com.TestNG.TestNGExamples" name="f" time="0.001"/>
  <system-out/>
  <testcase classname="com.TestNG.TestNGExamples" name="method4" time="0.000"/>
  <system-out/>
  <testcase classname="com.TestNG.TestNGExamples" name="f" time="0.003"/>
  <system-out/>
  <testcase classname="com.TestNG.TestNGExamples" name="method1" time="0.001"/>
  <system-out/>
  <testcase classname="com.TestNG.TestNGExamples" name="f" time="0.001"/>
  <system-out/>
  <testcase classname="com.TestNG.TestNGExamples" name="method2" time="0.002"/>
  <system-out/>
  <testcase classname="com.TestNG.TestNGExamples" name="method3" time="0.001"/>
  <system-out/>
</testsuite> <!-- com.TestNG.TestNGExamples -->
