<?xml version="1.0" encoding="UTF-8"?>
<!-- Generated by org.testng.reporters.JUnitReportReporter -->
<testsuite hostname="LTIN396610" failures="0" tests="1" name="com.selenium.TC14_Alerts" time="17.519" errors="0" timestamp="2023-06-28T11:25:39 IST" skipped="0">
  <testcase classname="com.selenium.TC14_Alerts" name="unexpectedAlerts" time="17.519"/>
  <system-out/>
</testsuite> <!-- com.selenium.TC14_Alerts -->
