<?xml version="1.0" encoding="UTF-8"?>
<!-- Generated by org.testng.reporters.JUnitReportReporter -->
<testsuite hostname="LTIN396610" failures="0" tests="1" name="com.selenium.TC15_Frames" time="46.359" errors="0" timestamp="2023-06-28T11:51:05 IST" skipped="0">
  <testcase classname="com.selenium.TC15_Frames" name="SwitchnestedFrame" time="46.359"/>
  <system-out/>
</testsuite> <!-- com.selenium.TC15_Frames -->
