<?xml version="1.0" encoding="UTF-8"?>
<!-- Generated by org.testng.reporters.JUnitReportReporter -->
<testsuite hostname="LTIN396610" failures="0" tests="1" name="com.selenium.TC05_CheckBox" time="95.477" errors="0" timestamp="2023-03-29T11:08:16 IST" skipped="0">
  <testcase classname="com.selenium.TC05_CheckBox" name="locatingElements1" time="95.477"/>
  <system-out/>
</testsuite> <!-- com.selenium.TC05_CheckBox -->
