<?xml version="1.0" encoding="UTF-8"?>
<!-- Generated by org.testng.reporters.JUnitReportReporter -->
<testsuite hostname="LTIN464257" failures="0" tests="1" name="com.TestCases.XMLReader" time="0.026" errors="0" timestamp="2024-04-04T10:45:03 IST" skipped="0">
  <testcase classname="com.TestCases.XMLReader" name="ReaddataFromXMLPasstoSelenium" time="0.026"/>
  <system-out/>
</testsuite> <!-- com.TestCases.XMLReader -->
