<?xml version="1.0" encoding="UTF-8"?>
<!-- Generated by org.testng.reporters.JUnitReportReporter -->
<testsuite hostname="LTIN464257" failures="0" tests="1" name="com.selenium.TC19_scrollUsingJS" time="10.240" errors="0" timestamp="2024-03-12T07:21:44 IST" skipped="0">
  <testcase classname="com.selenium.TC19_scrollUsingJS" name="ScrollUsingJS" time="10.240"/>
  <system-out/>
</testsuite> <!-- com.selenium.TC19_scrollUsingJS -->
