<?xml version="1.0" encoding="UTF-8"?>
<!-- Generated by org.testng.reporters.JUnitReportReporter -->
<testsuite hostname="LTIN396610" failures="0" tests="1" name="com.selenium.TC11_explicitWaitDemo" time="49.437" errors="0" timestamp="2023-06-28T11:01:19 IST" skipped="0">
  <testcase classname="com.selenium.TC11_explicitWaitDemo" name="explicitwait" time="49.437"/>
  <system-out/>
</testsuite> <!-- com.selenium.TC11_explicitWaitDemo -->
